Performing C SOURCE FILE Test CMAKE_HAVE_LIBC_PTHREAD failed with the following output:
Change Dir: /home/yinghao/Documents/realsense/pcl-tutorial/read_pcd/build/CMakeFiles/CMakeTmp

Run Build Command(s):/usr/bin/make cmTC_60beb/fast && /usr/bin/make  -f CMakeFiles/cmTC_60beb.dir/build.make CMakeFiles/cmTC_60beb.dir/build
make[1]: Entering directory '/home/yinghao/Documents/realsense/pcl-tutorial/read_pcd/build/CMakeFiles/CMakeTmp'
Building C object CMakeFiles/cmTC_60beb.dir/src.c.o
/usr/bin/cc -DCMAKE_HAVE_LIBC_PTHREAD   -o CMakeFiles/cmTC_60beb.dir/src.c.o -c /home/yinghao/Documents/realsense/pcl-tutorial/read_pcd/build/CMakeFiles/CMakeTmp/src.c
Linking C executable cmTC_60beb
/usr/bin/cmake -E cmake_link_script CMakeFiles/cmTC_60beb.dir/link.txt --verbose=1
/usr/bin/cc -rdynamic CMakeFiles/cmTC_60beb.dir/src.c.o -o cmTC_60beb 
CMakeFiles/cmTC_60beb.dir/src.c.o: In function `main':
src.c:(.text+0x3e): undefined reference to `pthread_create'
src.c:(.text+0x4a): undefined reference to `pthread_detach'
src.c:(.text+0x56): undefined reference to `pthread_cancel'
src.c:(.text+0x67): undefined reference to `pthread_join'
src.c:(.text+0x7b): undefined reference to `pthread_atfork'
collect2: error: ld returned 1 exit status
CMakeFiles/cmTC_60beb.dir/build.make:105: recipe for target 'cmTC_60beb' failed
make[1]: *** [cmTC_60beb] Error 1
make[1]: Leaving directory '/home/yinghao/Documents/realsense/pcl-tutorial/read_pcd/build/CMakeFiles/CMakeTmp'
Makefile:140: recipe for target 'cmTC_60beb/fast' failed
make: *** [cmTC_60beb/fast] Error 2


Source file was:
#include <pthread.h>

static void* test_func(void* data)
{
  return data;
}

int main(void)
{
  pthread_t thread;
  pthread_create(&thread, NULL, test_func, NULL);
  pthread_detach(thread);
  pthread_cancel(thread);
  pthread_join(thread, NULL);
  pthread_atfork(NULL, NULL, NULL);
  pthread_exit(NULL);

  return 0;
}

Determining if the function pthread_create exists in the pthreads failed with the following output:
Change Dir: /home/yinghao/Documents/realsense/pcl-tutorial/read_pcd/build/CMakeFiles/CMakeTmp

Run Build Command(s):/usr/bin/make cmTC_7a8c7/fast && /usr/bin/make  -f CMakeFiles/cmTC_7a8c7.dir/build.make CMakeFiles/cmTC_7a8c7.dir/build
make[1]: Entering directory '/home/yinghao/Documents/realsense/pcl-tutorial/read_pcd/build/CMakeFiles/CMakeTmp'
Building C object CMakeFiles/cmTC_7a8c7.dir/CheckFunctionExists.c.o
/usr/bin/cc   -DCHECK_FUNCTION_EXISTS=pthread_create -o CMakeFiles/cmTC_7a8c7.dir/CheckFunctionExists.c.o -c /usr/share/cmake-3.19/Modules/CheckFunctionExists.c
Linking C executable cmTC_7a8c7
/usr/bin/cmake -E cmake_link_script CMakeFiles/cmTC_7a8c7.dir/link.txt --verbose=1
/usr/bin/cc  -DCHECK_FUNCTION_EXISTS=pthread_create -rdynamic CMakeFiles/cmTC_7a8c7.dir/CheckFunctionExists.c.o -o cmTC_7a8c7  -lpthreads 
/usr/bin/ld: cannot find -lpthreads
collect2: error: ld returned 1 exit status
CMakeFiles/cmTC_7a8c7.dir/build.make:105: recipe for target 'cmTC_7a8c7' failed
make[1]: *** [cmTC_7a8c7] Error 1
make[1]: Leaving directory '/home/yinghao/Documents/realsense/pcl-tutorial/read_pcd/build/CMakeFiles/CMakeTmp'
Makefile:140: recipe for target 'cmTC_7a8c7/fast' failed
make: *** [cmTC_7a8c7/fast] Error 2



